ARM Machine Instantiation.txt:28.95
ARM Machine Types.txt:28.61
ARM Object Invocations.txt:26.85
ARM VSpace Functions.txt:46.79
ARM-Specific Data Types.txt:140.2
ARM-Specific Virtual-Memory Rights.txt:10.96
Abstract Specification Instantiations.txt:73.35
Access Rights.txt:9.39
Accessing CSpace.txt:61.72
Accessing the ARM VSpace.txt:58.4
Accessing the Kernel Heap.txt:91.96
An Initial Kernel State.txt:56.12
Basic Data Structures.txt:80.99
Basic Kernel and Exception Monads.txt:31.94
CSpace.txt:203.46
Common, Architecture-Specific Data Types.txt:18.03
Decoding System Calls.txt:202.79
Enumeration instances for Words.txt:21.15
Enumerations.txt:6.19
Error and Fault Messages.txt:14.04
IPC Cancelling.txt:25.81
IPC.txt:110.53
Interrupts.txt:23.87
Kernel Events.txt:29.62
Kernel Invocation Labels.txt:23.46
Kernel Object Invocations.txt:46.61
Machine Accessor Functions.txt:54.3
Machine Operations.txt:102.14
Machine Types.txt:24.43
Machine Word Setup.txt:22.42
Platform Definitions.txt:51.85
Prefix order on lists as order class instance.txt:8.11
Retyping and Untyped Invocations.txt:102.92
Scheduler.txt:21.24
System Calls.txt:91.34
Threads and TCBs.txt:59.52
Toplevel ARM Definitions.txt:7.52
