ARM Machine Instantiation.txt:128.93
ARM Machine Types.txt:46.43
ARM Object Invocations.txt:57.21
ARM VSpace Functions.txt:172.38
ARM-Specific Data Types.txt:211.68
ARM-Specific Virtual-Memory Rights.txt:85.37
Abstract Specification Instantiations.txt:167.41
Access Rights.txt:31.57
Accessing CSpace.txt:163.5
Accessing the ARM VSpace.txt:169.13
An Initial Kernel State.txt:45.34
Basic Data Structures.txt:129.21
Basic Kernel and Exception Monads.txt:105.6
CSpace.txt:354.78
Common, Architecture-Specific Data Types.txt:84.86
Decoding System Calls.txt:402.51
Error and Fault Messages.txt:83.21
IPC Cancelling.txt:61.18
IPC.txt:96.01
Interrupts.txt:38.22
Kernel Invocation Labels.txt:52.77
Kernel Object Invocations.txt:98.53
Machine Accessor Functions.txt:70.2
Machine Types.txt:46.59
Platform Definitions.txt:57.15
Retyping and Untyped Invocations.txt:104.63
Scheduler.txt:57.93
System Calls.txt:113.76
Toplevel ARM Definitions.txt:108.54
Accessing the Kernel Heap.txt:101.33
Kernel Events.txt:63.7
Machine Operations.txt:226.82
