ARM Machine Instantiation.txt:38.29
ARM Object Invocations.txt:41.94
ARM VSpace Functions.txt:50.5
Abstract Specification Instantiations.txt:66.39
Access Rights.txt:32.97
Accessing the ARM VSpace.txt:100.73
An Initial Kernel State.txt:60.42
Basic Data Structures.txt:57.86
Basic Kernel and Exception Monads.txt:81.45
CSpace.txt:289.27
Common, Architecture-Specific Data Types.txt:30.47
Decoding System Calls.txt:397.4
Enumeration instances for Words.txt:32.51
Enumerations.txt:12.42
Error and Fault Messages.txt:26.13
IPC Cancelling.txt:23.17
IPC.txt:226.58
Interrupts.txt:29.66
Kernel Events.txt:28.1
Kernel Invocation Labels.txt:57.88
Kernel Object Invocations.txt:73.22
Machine Accessor Functions.txt:32.55
Machine Operations.txt:165.46
Machine Types.txt:18.21
Machine Word Setup.txt:12.24
Platform Definitions.txt:111.69
Retyping and Untyped Invocations.txt:121.13
Scheduler.txt:52.14
System Calls.txt:156.99
Threads and TCBs.txt:66.75
Toplevel ARM Definitions.txt:34.2
