ARM Machine Instantiation.txt:68.03
ARM Machine Types.txt:65.04
ARM Object Invocations.txt:37.83
ARM VSpace Functions.txt:116.37
ARM-Specific Data Types.txt:96.44
ARM-Specific Virtual-Memory Rights.txt:23.64
Abstract Specification Instantiations.txt:143.52
Access Rights.txt:11.31
Accessing CSpace.txt:55.23
Accessing the ARM VSpace.txt:64.56
Accessing the Kernel Heap.txt:112.53
An Initial Kernel State.txt:46.51
Basic Data Structures.txt:76.29
Basic Kernel and Exception Monads.txt:35.52
CSpace.txt:152.23
Common, Architecture-Specific Data Types.txt:86.34
Decoding System Calls.txt:183.13
Error and Fault Messages.txt:22.53
IPC.txt:113.45
Interrupts.txt:15.97
Kernel Events.txt:46.33
Kernel Invocation Labels.txt:35.25
Kernel Object Invocations.txt:41.71
Machine Accessor Functions.txt:38.01
Machine Operations.txt:96.78
Machine Types.txt:44.23
Nondeterministic State Monad with Failure.txt:237.88
Platform Definitions.txt:54.34
Retyping and Untyped Invocations.txt:211.36
Scheduler.txt:24.63
System Calls.txt:124.72
Threads and TCBs.txt:98.94
Toplevel ARM Definitions.txt:75.83
