ARM Machine Instantiation.txt:53.59
ARM Machine Types.txt:34.77
ARM Object Invocations.txt:22.91
ARM VSpace Functions.txt:96.57
ARM-Specific Data Types.txt:67.2
ARM-Specific Virtual-Memory Rights.txt:41.92
Access Rights.txt:7.37
Accessing CSpace.txt:53.51
Accessing the ARM VSpace.txt:204.84
Accessing the Kernel Heap.txt:145.09
An Initial Kernel State.txt:74.33
Basic Data Structures.txt:53.12
Basic Kernel and Exception Monads.txt:46.63
CSpace.txt:143.61
Common, Architecture-Specific Data Types.txt:15.64
Decoding System Calls.txt:146.83
Error and Fault Messages.txt:37.31
IPC Cancelling.txt:73.18
IPC.txt:148.96
Interrupts.txt:32.73
Kernel Events.txt:35.22
Kernel Invocation Labels.txt:15.68
Kernel Object Invocations.txt:39.17
Machine Accessor Functions.txt:29.82
Machine Operations.txt:99.86
Machine Types.txt:26.42
Platform Definitions.txt:52.97
Retyping and Untyped Invocations.txt:171.01
Scheduler.txt:43.14
System Calls.txt:38.11
Threads and TCBs.txt:52.07
Toplevel ARM Definitions.txt:40.02
