ARM Machine Instantiation.txt:89.16
ARM Machine Types.txt:78.9
ARM Object Invocations.txt:29.03
ARM VSpace Functions.txt:26.98
ARM-Specific Data Types.txt:186.41
Abstract Specification Instantiations.txt:152.76
Accessing CSpace.txt:92.16
Accessing the ARM VSpace.txt:118.6
Accessing the Kernel Heap.txt:245.14
An Initial Kernel State.txt:47.28
Basic Data Structures.txt:101.72
Basic Kernel and Exception Monads.txt:51.92
CSpace.txt:308.49
Common, Architecture-Specific Data Types.txt:60.74
Enumeration instances for Words.txt:44.14
Enumerations.txt:89.06
Error and Fault Messages.txt:94.82
IPC Cancelling.txt:18.28
IPC.txt:253.23
Interrupts.txt:86.67
Kernel Events.txt:71.71
Kernel Invocation Labels.txt:72.48
Kernel Object Invocations.txt:51.29
Machine Accessor Functions.txt:63.31
Machine Types.txt:29.72
Platform Definitions.txt:25.44
Scheduler.txt:52.75
System Calls.txt:149.25
Threads and TCBs.txt:70.32
Toplevel ARM Definitions.txt:19.52
Access Rights.txt:43.89
Machine Word Setup.txt:71.81
Decoding System Calls.txt:315.28
Retyping and Untyped Invocations.txt:211.01
