ARM Machine Instantiation.txt:84.86
ARM Object Invocations.txt:66.78
ARM VSpace Functions.txt:218.52
ARM-Specific Virtual-Memory Rights.txt:9.55
Abstract Specification Instantiations.txt:117.22
Access Rights.txt:60.81
Accessing the ARM VSpace.txt:135.16
An Initial Kernel State.txt:60.46
Basic Data Structures.txt:116.27
Basic Kernel and Exception Monads.txt:57.67
CSpace.txt:196.69
Common, Architecture-Specific Data Types.txt:39.7
Decoding System Calls.txt:453.7
Error and Fault Messages.txt:33.13
IPC Cancelling.txt:38.77
IPC.txt:278.44
Interrupts.txt:53.52
Kernel Events.txt:47.3
Kernel Invocation Labels.txt:67.8
Kernel Object Invocations.txt:86.68
Machine Accessor Functions.txt:28.26
Machine Operations.txt:178.71
Machine Types.txt:55.42
Platform Definitions.txt:100.66
Retyping and Untyped Invocations.txt:156.52
Scheduler.txt:47.71
Threads and TCBs.txt:96.19
Toplevel ARM Definitions.txt:47.22
System Calls.txt:91.79
