ARM Machine Instantiation.txt:45.51
ARM Object Invocations.txt:26.8
ARM VSpace Functions.txt:28.97
ARM-Specific Data Types.txt:126.78
ARM-Specific Virtual-Memory Rights.txt:61.18
Abstract Specification Instantiations.txt:84.56
Access Rights.txt:13.46
Accessing CSpace.txt:47.77
Accessing the ARM VSpace.txt:67.66
Accessing the Kernel Heap.txt:119.32
An Initial Kernel State.txt:34.88
Basic Data Structures.txt:65.54
Basic Kernel and Exception Monads.txt:18.01
CSpace.txt:265.82
Common, Architecture-Specific Data Types.txt:36.96
Decoding System Calls.txt:288.55
Enumeration instances for Words.txt:14.28
Error and Fault Messages.txt:55.36
IPC Cancelling.txt:22.27
IPC.txt:152.3
Interrupts.txt:26.21
Kernel Events.txt:51.55
Kernel Invocation Labels.txt:7.08
Kernel Object Invocations.txt:60.26
Machine Accessor Functions.txt:26.48
Machine Operations.txt:104.07
Machine Types.txt:25.44
Machine Word Setup.txt:19.1
Platform Definitions.txt:42.05
Prefix order on lists as order class instance.txt:29.7
Scheduler.txt:19.5
System Calls.txt:106.93
Threads and TCBs.txt:57.86
Toplevel ARM Definitions.txt:15.14
