ARM Machine Instantiation.txt:92.02
ARM Machine Types.txt:49.03
ARM Object Invocations.txt:32.66
ARM VSpace Functions.txt:54.36
ARM-Specific Data Types.txt:207.44
ARM-Specific Virtual-Memory Rights.txt:47.48
Access Rights.txt:21.25
Accessing CSpace.txt:179.71
Accessing the ARM VSpace.txt:118.71
An Initial Kernel State.txt:36.99
Basic Data Structures.txt:54.78
Basic Kernel and Exception Monads.txt:82.45
CSpace.txt:380.21
Common, Architecture-Specific Data Types.txt:60.72
Decoding System Calls.txt:393.22
Enumeration instances for Words.txt:51.13
Error and Fault Messages.txt:65.21
IPC Cancelling.txt:38.72
IPC.txt:228.66
Interrupts.txt:37.95
Kernel Events.txt:41.35
Kernel Invocation Labels.txt:56.84
Kernel Object Invocations.txt:89.02
Machine Accessor Functions.txt:26.33
Machine Types.txt:24.11
Machine Word Setup.txt:45.45
Platform Definitions.txt:39.91
Prefix order on lists as order class instance.txt:60.5
Retyping and Untyped Invocations.txt:246.08
Scheduler.txt:28.75
System Calls.txt:160.36
Toplevel ARM Definitions.txt:98.38
Abstract Specification Instantiations.txt:148.54
Enumerations.txt:63.21
Machine Operations.txt:144.95
