ARM Machine Instantiation.txt:24.47
ARM Machine Types.txt:23.55
ARM Object Invocations.txt:14.98
ARM VSpace Functions.txt:25.12
ARM-Specific Data Types.txt:96.41
ARM-Specific Virtual-Memory Rights.txt:15.41
Abstract Specification Instantiations.txt:50.86
Access Rights.txt:6.26
Accessing CSpace.txt:30.26
Accessing the ARM VSpace.txt:91.65
Accessing the Kernel Heap.txt:74.05
An Initial Kernel State.txt:12.02
Basic Data Structures.txt:47.91
Basic Kernel and Exception Monads.txt:21.59
CSpace.txt:186.75
Common, Architecture-Specific Data Types.txt:4.71
Decoding System Calls.txt:128.87
Error and Fault Messages.txt:11.4
IPC Cancelling.txt:10.24
IPC.txt:99.8
Interrupts.txt:23.02
Kernel Events.txt:9.51
Kernel Invocation Labels.txt:7.21
Kernel Object Invocations.txt:60.12
Machine Accessor Functions.txt:24.04
Machine Operations.txt:68.93
Machine Types.txt:6.36
Machine Word Setup.txt:33.02
Platform Definitions.txt:39.09
Prefix order on lists as order class instance.txt:18.56
Retyping and Untyped Invocations.txt:101.85
Scheduler.txt:7.07
System Calls.txt:67.84
Threads and TCBs.txt:18.69
Toplevel ARM Definitions.txt:6.95
