ARM Machine Instantiation.txt:32.94
ARM Machine Types.txt:20.43
ARM Object Invocations.txt:38.47
ARM VSpace Functions.txt:62.35
ARM-Specific Data Types.txt:163.8
ARM-Specific Virtual-Memory Rights.txt:21.62
Abstract Specification Instantiations.txt:88.77
Access Rights.txt:26.98
Accessing CSpace.txt:72.08
Accessing the ARM VSpace.txt:109.87
Accessing the Kernel Heap.txt:132.97
An Initial Kernel State.txt:51.89
Basic Data Structures.txt:50.67
Basic Kernel and Exception Monads.txt:20.45
CSpace.txt:237.43
Common, Architecture-Specific Data Types.txt:32.86
Decoding System Calls.txt:213.46
Enumeration instances for Words.txt:23.3
Enumerations.txt:11.04
Error and Fault Messages.txt:9.25
IPC Cancelling.txt:27.49
IPC.txt:126.33
Interrupts.txt:39.89
Kernel Events.txt:55.77
Kernel Invocation Labels.txt:46.51
Kernel Object Invocations.txt:101.72
Machine Accessor Functions.txt:86.73
Machine Operations.txt:146.25
Machine Types.txt:12.3
Machine Word Setup.txt:8.62
Platform Definitions.txt:47.67
Prefix order on lists as order class instance.txt:17.77
Scheduler.txt:20.75
System Calls.txt:102.36
Threads and TCBs.txt:54.75
Toplevel ARM Definitions.txt:34.93
