ARM Machine Instantiation.txt:25.25
ARM Machine Types.txt:35.52
ARM Object Invocations.txt:11.55
ARM VSpace Functions.txt:41.53
ARM-Specific Data Types.txt:129.68
ARM-Specific Virtual-Memory Rights.txt:25.92
Abstract Specification Instantiations.txt:20.71
Access Rights.txt:38.51
Accessing CSpace.txt:75.7
Accessing the ARM VSpace.txt:75.4
Accessing the Kernel Heap.txt:160.67
An Initial Kernel State.txt:33.37
Basic Data Structures.txt:58.29
Basic Kernel and Exception Monads.txt:13.7
CSpace.txt:199.89
Common, Architecture-Specific Data Types.txt:59.55
Decoding System Calls.txt:324.59
Enumeration instances for Words.txt:31.31
Enumerations.txt:13.61
Error and Fault Messages.txt:14.26
IPC Cancelling.txt:33.78
IPC.txt:165.23
Interrupts.txt:34.32
Kernel Events.txt:61.03
Kernel Invocation Labels.txt:20.71
Kernel Object Invocations.txt:71.6
Machine Accessor Functions.txt:10.02
Machine Operations.txt:127.83
Machine Types.txt:20.33
Nondeterministic State Monad with Failure.txt:535.52
Platform Definitions.txt:28.44
Scheduler.txt:22.33
System Calls.txt:174.36
Threads and TCBs.txt:89.58
Toplevel ARM Definitions.txt:40.12
Prefix order on lists as order class instance.txt:10.66
Retyping and Untyped Invocations.txt:186.44
