ARM Machine Instantiation.txt:37.81
ARM Machine Types.txt:29.86
ARM VSpace Functions.txt:39.02
ARM-Specific Data Types.txt:163.98
ARM-Specific Virtual-Memory Rights.txt:10.36
Abstract Specification Instantiations.txt:83.53
Access Rights.txt:27.2
Accessing CSpace.txt:48.15
Accessing the ARM VSpace.txt:60.78
Accessing the Kernel Heap.txt:169.4
An Initial Kernel State.txt:41.98
Basic Data Structures.txt:73.88
CSpace.txt:260.82
Common, Architecture-Specific Data Types.txt:67.81
Decoding System Calls.txt:251.93
Enumeration instances for Words.txt:31.28
Enumerations.txt:40.55
Error and Fault Messages.txt:17.32
IPC Cancelling.txt:32.3
IPC.txt:156.54
Interrupts.txt:27.46
Kernel Events.txt:27.11
Kernel Invocation Labels.txt:11.3
Kernel Object Invocations.txt:63.61
Machine Accessor Functions.txt:39.11
Machine Operations.txt:99.39
Machine Types.txt:7.41
Machine Word Setup.txt:7.86
Platform Definitions.txt:33.69
Prefix order on lists as order class instance.txt:30.45
Retyping and Untyped Invocations.txt:153.35
Scheduler.txt:15.54
System Calls.txt:129.23
Threads and TCBs.txt:119.9
Toplevel ARM Definitions.txt:78.8
ARM Object Invocations.txt:39.95
Basic Kernel and Exception Monads.txt:59.16
