ARM Machine Instantiation.txt:28.17
ARM Machine Types.txt:13.53
ARM Object Invocations.txt:29.24
ARM VSpace Functions.txt:23.34
ARM-Specific Data Types.txt:68.62
ARM-Specific Virtual-Memory Rights.txt:39.7
Access Rights.txt:2.64
Accessing CSpace.txt:44.02
Accessing the ARM VSpace.txt:50.59
Accessing the Kernel Heap.txt:99.07
An Initial Kernel State.txt:23.44
Basic Data Structures.txt:30.2
Basic Kernel and Exception Monads.txt:21.15
CSpace.txt:153.11
Common, Architecture-Specific Data Types.txt:32.48
Decoding System Calls.txt:233.94
Enumeration instances for Words.txt:24.92
Error and Fault Messages.txt:45.7
IPC Cancelling.txt:11.51
IPC.txt:125.69
Interrupts.txt:20.13
Kernel Events.txt:13.72
Kernel Invocation Labels.txt:12.82
Kernel Object Invocations.txt:24.09
Machine Accessor Functions.txt:23.96
Machine Operations.txt:74.46
Machine Types.txt:10.96
Machine Word Setup.txt:3.69
Platform Definitions.txt:42.18
Prefix order on lists as order class instance.txt:7.87
Retyping and Untyped Invocations.txt:159.73
Scheduler.txt:20.45
System Calls.txt:69.0
Threads and TCBs.txt:39.65
Toplevel ARM Definitions.txt:6.1
