ARM Machine Instantiation.txt:56.92
ARM Machine Types.txt:74.04
ARM Object Invocations.txt:22.24
ARM VSpace Functions.txt:101.37
ARM-Specific Data Types.txt:114.73
ARM-Specific Virtual-Memory Rights.txt:13.67
Abstract Specification Instantiations.txt:77.4
Access Rights.txt:37.41
Accessing CSpace.txt:56.4
Accessing the ARM VSpace.txt:85.3
Accessing the Kernel Heap.txt:138.55
An Initial Kernel State.txt:39.4
Basic Data Structures.txt:113.18
Basic Kernel and Exception Monads.txt:37.46
CSpace.txt:132.77
Common, Architecture-Specific Data Types.txt:56.84
Decoding System Calls.txt:171.09
Error and Fault Messages.txt:17.28
IPC Cancelling.txt:68.69
IPC.txt:119.06
Interrupts.txt:42.3
Kernel Events.txt:25.21
Kernel Invocation Labels.txt:9.0
Kernel Object Invocations.txt:65.94
Machine Accessor Functions.txt:37.67
Machine Operations.txt:146.36
Machine Types.txt:24.24
Nondeterministic State Monad with Failure.txt:226.7
Platform Definitions.txt:39.52
Retyping and Untyped Invocations.txt:112.45
Scheduler.txt:50.53
System Calls.txt:143.19
Threads and TCBs.txt:167.25
Toplevel ARM Definitions.txt:105.45
